Project\Dto\Telegram\MessageDto Object
(
    [messageId] => 24349
    [callbackId] => 
    [from] => Project\Dto\Telegram\FromDto Object
        (
            [id] => 549853091
            [isBot] => 
            [firstName] => Костя
            [lastName] => Дряхлов
            [username] => kpstya
            [languageCode] => ru
        )

    [chat] => Project\Dto\Telegram\ChatDto Object
        (
            [id] => 549853091
            [firstName] => Костя
            [lastName] => Дряхлов
            [username] => kpstya
            [type] => private
        )

    [date] => 1733586515
    [text] => Ватсон
    [status] => 
    [chatInstance] => 
)
